global_palette.h
global_palette.c
alex_forward1.h
alex_forward1.c
alex_forward2.h
alex_forward2.c
alex_forward3.h
alex_forward3.c
alex_forward4.h
alex_forward4.c
alex_right1.h
alex_right1.c
alex_right2.h
alex_right2.c
alex_right3.h
alex_right3.c
alex_right4.h
alex_right4.c
alex_back1.h
alex_back1.c
alex_back2.h
alex_back2.c
alex_back3.h
alex_back3.c
alex_back4.h
alex_back4.c
alex_left1.h
alex_left1.c
alex_left2.h
alex_left2.c
alex_left3.h
alex_left3.c
alex_left4.h
alex_left4.c
walk_front1.h
walk_front1.c
walk_front2.h
walk_front2.c
walk_front3.h
walk_front3.c
walk_right1.h
walk_right1.c
walk_right2.h
walk_right2.c
walk_right3.h
walk_right3.c
walk_back1.h
walk_back1.c
walk_back2.h
walk_back2.c
walk_back3.h
walk_back3.c
walk_left1.h
walk_left1.c
walk_left2.h
walk_left2.c
walk_left3.h
walk_left3.c
run_front1.h
run_front1.c
run_front2.h
run_front2.c
run_right1.h
run_right1.c
run_right2.h
run_right2.c
run_back1.h
run_back1.c
run_back2.h
run_back2.c
run_left1.h
run_left1.c
run_left2.h
run_left2.c
basic_grass_tileset.h
basic_grass_tileset.c
gfx.h
